2021-02-26 21:11:58,920 [5] ERROR EPiServer.Find.Cms.ContentEventIndexer: An exception occurred while indexing (IContent). Невозможно разрешить удаленное имя: 'your_uri'.
System.Net.WebException: Невозможно разрешить удаленное имя: 'your_uri'
   в System.Net.HttpWebRequest.GetRequestStream(TransportContext& context)
   в System.Net.HttpWebRequest.GetRequestStream()
   в EPiServer.Find.Connection.JsonRequest.GetRequestStream(Int64 contentLength)
   в EPiServer.Find.Json.Serializer.SerializeObjectsToJsonRequest(JsonSerializer serializer, IJsonRequest jsonRequest, IEnumerable values)
   в EPiServer.Find.Api.BulkCommand.Execute(List`1& serializationFailures)
   в EPiServer.Find.Api.BulkCommand.Execute()
   в EPiServer.Find.Client.Index(IEnumerable objectsToIndex, Boolean deleteLanguageRoutingDuplicatesOnIndex)
   в EPiServer.Find.Cms.ContentIndexer.IndexWithRetry(IContent[] contents, Int32 maxRetries, Boolean deleteLanguageRoutingDuplicatesOnIndex)
   в EPiServer.Find.Cms.ContentIndexer.Index(IEnumerable`1 contents, IndexOptions options)
   в EPiServer.Find.Cms.ContentEventIndexer.Index(IEnumerable`1 contentLinks)
   в EPiServer.Find.Cms.ContentEventIndexer.<>c__DisplayClass25_0.<IndexPageQueue>b__1()
   в EPiServer.Find.Cms.ContentEventIndexer.Sync(IEnumerable`1 contentToIndex, HashSet`1 contentToIndexSet, Func`1 index)
   в EPiServer.Find.Cms.ContentEventIndexer.IndexPageQueue(IEnumerable`1 contentToIndex)
   в EPiServer.Find.Cms.ContentEventIndexer.IndexPageQueue()
System.Net.WebException: Невозможно разрешить удаленное имя: 'your_uri'
   в System.Net.HttpWebRequest.GetRequestStream(TransportContext& context)
   в System.Net.HttpWebRequest.GetRequestStream()
   в EPiServer.Find.Connection.JsonRequest.GetRequestStream(Int64 contentLength)
   в EPiServer.Find.Json.Serializer.SerializeObjectsToJsonRequest(JsonSerializer serializer, IJsonRequest jsonRequest, IEnumerable values)
   в EPiServer.Find.Api.BulkCommand.Execute(List`1& serializationFailures)
   в EPiServer.Find.Api.BulkCommand.Execute()
   в EPiServer.Find.Client.Index(IEnumerable objectsToIndex, Boolean deleteLanguageRoutingDuplicatesOnIndex)
   в EPiServer.Find.Cms.ContentIndexer.IndexWithRetry(IContent[] contents, Int32 maxRetries, Boolean deleteLanguageRoutingDuplicatesOnIndex)
   в EPiServer.Find.Cms.ContentIndexer.Index(IEnumerable`1 contents, IndexOptions options)
   в EPiServer.Find.Cms.ContentEventIndexer.Index(IEnumerable`1 contentLinks)
   в EPiServer.Find.Cms.ContentEventIndexer.<>c__DisplayClass25_0.<IndexPageQueue>b__1()
   в EPiServer.Find.Cms.ContentEventIndexer.Sync(IEnumerable`1 contentToIndex, HashSet`1 contentToIndexSet, Func`1 index)
   в EPiServer.Find.Cms.ContentEventIndexer.IndexPageQueue(IEnumerable`1 contentToIndex)
   в EPiServer.Find.Cms.ContentEventIndexer.IndexPageQueue()
2021-02-26 21:11:59,100 [23] ERROR EPiServer.Find.Cms.CmsUnifiedSearchSetUp: IAttachmentHelper can not be initiated.
2021-02-26 21:12:01,417 [23] ERROR EPiServer.Find.Cms.ContentEventIndexer: An exception occurred while indexing (IContent). Невозможно разрешить удаленное имя: 'your_uri'.
System.Net.WebException: Невозможно разрешить удаленное имя: 'your_uri'
   в System.Net.HttpWebRequest.GetRequestStream(TransportContext& context)
   в System.Net.HttpWebRequest.GetRequestStream()
   в EPiServer.Find.Connection.JsonRequest.GetRequestStream(Int64 contentLength)
   в EPiServer.Find.Json.Serializer.SerializeObjectsToJsonRequest(JsonSerializer serializer, IJsonRequest jsonRequest, IEnumerable values)
   в EPiServer.Find.Api.BulkCommand.Execute(List`1& serializationFailures)
   в EPiServer.Find.Api.BulkCommand.Execute()
   в EPiServer.Find.Client.Index(IEnumerable objectsToIndex, Boolean deleteLanguageRoutingDuplicatesOnIndex)
   в EPiServer.Find.Cms.ContentIndexer.IndexWithRetry(IContent[] contents, Int32 maxRetries, Boolean deleteLanguageRoutingDuplicatesOnIndex)
   в EPiServer.Find.Cms.ContentIndexer.Index(IEnumerable`1 contents, IndexOptions options)
   в EPiServer.Find.Cms.ContentEventIndexer.Index(IEnumerable`1 contentLinks)
   в EPiServer.Find.Cms.ContentEventIndexer.<>c__DisplayClass25_0.<IndexPageQueue>b__1()
   в EPiServer.Find.Cms.ContentEventIndexer.Sync(IEnumerable`1 contentToIndex, HashSet`1 contentToIndexSet, Func`1 index)
   в EPiServer.Find.Cms.ContentEventIndexer.IndexPageQueue(IEnumerable`1 contentToIndex)
   в EPiServer.Find.Cms.ContentEventIndexer.IndexPageQueue()
System.Net.WebException: Невозможно разрешить удаленное имя: 'your_uri'
   в System.Net.HttpWebRequest.GetRequestStream(TransportContext& context)
   в System.Net.HttpWebRequest.GetRequestStream()
   в EPiServer.Find.Connection.JsonRequest.GetRequestStream(Int64 contentLength)
   в EPiServer.Find.Json.Serializer.SerializeObjectsToJsonRequest(JsonSerializer serializer, IJsonRequest jsonRequest, IEnumerable values)
   в EPiServer.Find.Api.BulkCommand.Execute(List`1& serializationFailures)
   в EPiServer.Find.Api.BulkCommand.Execute()
   в EPiServer.Find.Client.Index(IEnumerable objectsToIndex, Boolean deleteLanguageRoutingDuplicatesOnIndex)
   в EPiServer.Find.Cms.ContentIndexer.IndexWithRetry(IContent[] contents, Int32 maxRetries, Boolean deleteLanguageRoutingDuplicatesOnIndex)
   в EPiServer.Find.Cms.ContentIndexer.Index(IEnumerable`1 contents, IndexOptions options)
   в EPiServer.Find.Cms.ContentEventIndexer.Index(IEnumerable`1 contentLinks)
   в EPiServer.Find.Cms.ContentEventIndexer.<>c__DisplayClass25_0.<IndexPageQueue>b__1()
   в EPiServer.Find.Cms.ContentEventIndexer.Sync(IEnumerable`1 contentToIndex, HashSet`1 contentToIndexSet, Func`1 index)
   в EPiServer.Find.Cms.ContentEventIndexer.IndexPageQueue(IEnumerable`1 contentToIndex)
   в EPiServer.Find.Cms.ContentEventIndexer.IndexPageQueue()
2021-02-26 21:15:11,716 [21] ERROR EPiServer.Global: Unhandled exception in ASP.NET
System.Web.HttpException (0x80004005): Cannot redirect after HTTP headers have been sent.
   at System.Web.HttpResponse.Redirect(String url, Boolean endResponse, Boolean permanent)
   at System.Web.HttpResponseWrapper.Redirect(String url, Boolean endResponse)
   at System.Web.Mvc.RedirectResult.ExecuteResult(ControllerContext context)
   at System.Web.Mvc.ControllerActionInvoker.InvokeActionResult(ControllerContext controllerContext, ActionResult actionResult)
   at System.Web.Mvc.ControllerActionInvoker.InvokeActionResultFilterRecursive(IList`1 filters, Int32 filterIndex, ResultExecutingContext preContext, ControllerContext controllerContext, ActionResult actionResult)
   at System.Web.Mvc.ControllerActionInvoker.InvokeActionResultFilterRecursive(IList`1 filters, Int32 filterIndex, ResultExecutingContext preContext, ControllerContext controllerContext, ActionResult actionResult)
   at System.Web.Mvc.ControllerActionInvoker.InvokeActionResultFilterRecursive(IList`1 filters, Int32 filterIndex, ResultExecutingContext preContext, ControllerContext controllerContext, ActionResult actionResult)
   at System.Web.Mvc.ControllerActionInvoker.InvokeActionResultFilterRecursive(IList`1 filters, Int32 filterIndex, ResultExecutingContext preContext, ControllerContext controllerContext, ActionResult actionResult)
   at System.Web.Mvc.ControllerActionInvoker.InvokeActionResultFilterRecursive(IList`1 filters, Int32 filterIndex, ResultExecutingContext preContext, ControllerContext controllerContext, ActionResult actionResult)
   at System.Web.Mvc.ControllerActionInvoker.InvokeActionResultWithFilters(ControllerContext controllerContext, IList`1 filters, ActionResult actionResult)
   at System.Web.Mvc.Async.AsyncControllerActionInvoker.<>c__DisplayClass21.<>c__DisplayClass2b.<BeginInvokeAction>b__1c()
   at System.Web.Mvc.Async.AsyncControllerActionInvoker.<>c__DisplayClass21.<BeginInvokeAction>b__1e(IAsyncResult asyncResult)
   at System.Web.Mvc.Async.AsyncResultWrapper.WrappedAsyncResult`1.CallEndDelegate(IAsyncResult asyncResult)
   at System.Web.Mvc.Async.AsyncResultWrapper.WrappedAsyncResultBase`1.End()
   at System.Web.Mvc.Async.AsyncControllerActionInvoker.EndInvokeAction(IAsyncResult asyncResult)
   at System.Web.Mvc.Controller.<BeginExecuteCore>b__1d(IAsyncResult asyncResult, ExecuteCoreState innerState)
   at System.Web.Mvc.Async.AsyncResultWrapper.WrappedAsyncVoid`1.CallEndDelegate(IAsyncResult asyncResult)
   at System.Web.Mvc.Async.AsyncResultWrapper.WrappedAsyncResultBase`1.End()
   at System.Web.Mvc.Controller.EndExecuteCore(IAsyncResult asyncResult)
   at System.Web.Mvc.Controller.<BeginExecute>b__15(IAsyncResult asyncResult, Controller controller)
   at System.Web.Mvc.Async.AsyncResultWrapper.WrappedAsyncVoid`1.CallEndDelegate(IAsyncResult asyncResult)
   at System.Web.Mvc.Async.AsyncResultWrapper.WrappedAsyncResultBase`1.End()
   at System.Web.Mvc.Controller.EndExecute(IAsyncResult asyncResult)
   at System.Web.Mvc.Controller.System.Web.Mvc.Async.IAsyncController.EndExecute(IAsyncResult asyncResult)
   at System.Web.Mvc.MvcHandler.<BeginProcessRequest>b__5(IAsyncResult asyncResult, ProcessRequestState innerState)
   at System.Web.Mvc.Async.AsyncResultWrapper.WrappedAsyncVoid`1.CallEndDelegate(IAsyncResult asyncResult)
   at System.Web.Mvc.Async.AsyncResultWrapper.WrappedAsyncResultBase`1.End()
   at System.Web.Mvc.MvcHandler.EndProcessRequest(IAsyncResult asyncResult)
   at System.Web.Mvc.MvcHandler.System.Web.IHttpAsyncHandler.EndProcessRequest(IAsyncResult result)
   at System.Web.HttpApplication.CallHandlerExecutionStep.System.Web.HttpApplication.IExecutionStep.Execute()
   at System.Web.HttpApplication.ExecuteStepImpl(IExecutionStep step)
   at System.Web.HttpApplication.ExecuteStep(IExecutionStep step, Boolean& completedSynchronously)
System.Web.HttpException (0x80004005): Cannot redirect after HTTP headers have been sent.
   at System.Web.HttpResponse.Redirect(String url, Boolean endResponse, Boolean permanent)
   at System.Web.HttpResponseWrapper.Redirect(String url, Boolean endResponse)
   at System.Web.Mvc.RedirectResult.ExecuteResult(ControllerContext context)
   at System.Web.Mvc.ControllerActionInvoker.InvokeActionResult(ControllerContext controllerContext, ActionResult actionResult)
   at System.Web.Mvc.ControllerActionInvoker.InvokeActionResultFilterRecursive(IList`1 filters, Int32 filterIndex, ResultExecutingContext preContext, ControllerContext controllerContext, ActionResult actionResult)
   at System.Web.Mvc.ControllerActionInvoker.InvokeActionResultFilterRecursive(IList`1 filters, Int32 filterIndex, ResultExecutingContext preContext, ControllerContext controllerContext, ActionResult actionResult)
   at System.Web.Mvc.ControllerActionInvoker.InvokeActionResultFilterRecursive(IList`1 filters, Int32 filterIndex, ResultExecutingContext preContext, ControllerContext controllerContext, ActionResult actionResult)
   at System.Web.Mvc.ControllerActionInvoker.InvokeActionResultFilterRecursive(IList`1 filters, Int32 filterIndex, ResultExecutingContext preContext, ControllerContext controllerContext, ActionResult actionResult)
   at System.Web.Mvc.ControllerActionInvoker.InvokeActionResultFilterRecursive(IList`1 filters, Int32 filterIndex, ResultExecutingContext preContext, ControllerContext controllerContext, ActionResult actionResult)
   at System.Web.Mvc.ControllerActionInvoker.InvokeActionResultWithFilters(ControllerContext controllerContext, IList`1 filters, ActionResult actionResult)
   at System.Web.Mvc.Async.AsyncControllerActionInvoker.<>c__DisplayClass21.<>c__DisplayClass2b.<BeginInvokeAction>b__1c()
   at System.Web.Mvc.Async.AsyncControllerActionInvoker.<>c__DisplayClass21.<BeginInvokeAction>b__1e(IAsyncResult asyncResult)
   at System.Web.Mvc.Async.AsyncResultWrapper.WrappedAsyncResult`1.CallEndDelegate(IAsyncResult asyncResult)
   at System.Web.Mvc.Async.AsyncResultWrapper.WrappedAsyncResultBase`1.End()
   at System.Web.Mvc.Async.AsyncControllerActionInvoker.EndInvokeAction(IAsyncResult asyncResult)
   at System.Web.Mvc.Controller.<BeginExecuteCore>b__1d(IAsyncResult asyncResult, ExecuteCoreState innerState)
   at System.Web.Mvc.Async.AsyncResultWrapper.WrappedAsyncVoid`1.CallEndDelegate(IAsyncResult asyncResult)
   at System.Web.Mvc.Async.AsyncResultWrapper.WrappedAsyncResultBase`1.End()
   at System.Web.Mvc.Controller.EndExecuteCore(IAsyncResult asyncResult)
   at System.Web.Mvc.Controller.<BeginExecute>b__15(IAsyncResult asyncResult, Controller controller)
   at System.Web.Mvc.Async.AsyncResultWrapper.WrappedAsyncVoid`1.CallEndDelegate(IAsyncResult asyncResult)
   at System.Web.Mvc.Async.AsyncResultWrapper.WrappedAsyncResultBase`1.End()
   at System.Web.Mvc.Controller.EndExecute(IAsyncResult asyncResult)
   at System.Web.Mvc.Controller.System.Web.Mvc.Async.IAsyncController.EndExecute(IAsyncResult asyncResult)
   at System.Web.Mvc.MvcHandler.<BeginProcessRequest>b__5(IAsyncResult asyncResult, ProcessRequestState innerState)
   at System.Web.Mvc.Async.AsyncResultWrapper.WrappedAsyncVoid`1.CallEndDelegate(IAsyncResult asyncResult)
   at System.Web.Mvc.Async.AsyncResultWrapper.WrappedAsyncResultBase`1.End()
   at System.Web.Mvc.MvcHandler.EndProcessRequest(IAsyncResult asyncResult)
   at System.Web.Mvc.MvcHandler.System.Web.IHttpAsyncHandler.EndProcessRequest(IAsyncResult result)
   at System.Web.HttpApplication.CallHandlerExecutionStep.System.Web.HttpApplication.IExecutionStep.Execute()
   at System.Web.HttpApplication.ExecuteStepImpl(IExecutionStep step)
   at System.Web.HttpApplication.ExecuteStep(IExecutionStep step, Boolean& completedSynchronously)
2021-02-26 21:15:18,614 [23] ERROR EPiServer.Find.Cms.ContentEventIndexer: An exception occurred while indexing (IContent). Невозможно разрешить удаленное имя: 'your_uri'.
System.Net.WebException: Невозможно разрешить удаленное имя: 'your_uri'
   в System.Net.HttpWebRequest.GetRequestStream(TransportContext& context)
   в System.Net.HttpWebRequest.GetRequestStream()
   в EPiServer.Find.Connection.JsonRequest.GetRequestStream(Int64 contentLength)
   в EPiServer.Find.Json.Serializer.SerializeObjectsToJsonRequest(JsonSerializer serializer, IJsonRequest jsonRequest, IEnumerable values)
   в EPiServer.Find.Api.BulkCommand.Execute(List`1& serializationFailures)
   в EPiServer.Find.Api.BulkCommand.Execute()
   в EPiServer.Find.Client.Index(IEnumerable objectsToIndex, Boolean deleteLanguageRoutingDuplicatesOnIndex)
   в EPiServer.Find.Cms.ContentIndexer.IndexWithRetry(IContent[] contents, Int32 maxRetries, Boolean deleteLanguageRoutingDuplicatesOnIndex)
   в EPiServer.Find.Cms.ContentIndexer.Index(IEnumerable`1 contents, IndexOptions options)
   в EPiServer.Find.Cms.ContentEventIndexer.Index(IEnumerable`1 contentLinks)
   в EPiServer.Find.Cms.ContentEventIndexer.<>c__DisplayClass25_0.<IndexPageQueue>b__0()
   в EPiServer.Find.Cms.ContentEventIndexer.Sync(IEnumerable`1 contentToIndex, HashSet`1 contentToIndexSet, Func`1 index)
   в EPiServer.Find.Cms.ContentEventIndexer.IndexPageQueue(IEnumerable`1 contentToIndex)
   в EPiServer.Find.Cms.ContentEventIndexer.IndexPageQueue()
System.Net.WebException: Невозможно разрешить удаленное имя: 'your_uri'
   в System.Net.HttpWebRequest.GetRequestStream(TransportContext& context)
   в System.Net.HttpWebRequest.GetRequestStream()
   в EPiServer.Find.Connection.JsonRequest.GetRequestStream(Int64 contentLength)
   в EPiServer.Find.Json.Serializer.SerializeObjectsToJsonRequest(JsonSerializer serializer, IJsonRequest jsonRequest, IEnumerable values)
   в EPiServer.Find.Api.BulkCommand.Execute(List`1& serializationFailures)
   в EPiServer.Find.Api.BulkCommand.Execute()
   в EPiServer.Find.Client.Index(IEnumerable objectsToIndex, Boolean deleteLanguageRoutingDuplicatesOnIndex)
   в EPiServer.Find.Cms.ContentIndexer.IndexWithRetry(IContent[] contents, Int32 maxRetries, Boolean deleteLanguageRoutingDuplicatesOnIndex)
   в EPiServer.Find.Cms.ContentIndexer.Index(IEnumerable`1 contents, IndexOptions options)
   в EPiServer.Find.Cms.ContentEventIndexer.Index(IEnumerable`1 contentLinks)
   в EPiServer.Find.Cms.ContentEventIndexer.<>c__DisplayClass25_0.<IndexPageQueue>b__0()
   в EPiServer.Find.Cms.ContentEventIndexer.Sync(IEnumerable`1 contentToIndex, HashSet`1 contentToIndexSet, Func`1 index)
   в EPiServer.Find.Cms.ContentEventIndexer.IndexPageQueue(IEnumerable`1 contentToIndex)
   в EPiServer.Find.Cms.ContentEventIndexer.IndexPageQueue()
